<?xml version="1.0" encoding="UTF-8"?>
<testsuite xmlns:xsi="http://www.w3.org/2001/XMLSchema-instance" xsi:noNamespaceSchemaLocation="https://maven.apache.org/surefire/maven-surefire-plugin/xsd/surefire-test-report-3.0.xsd" version="3.0" name="com.example.controller.FrontControllerTest" time="0.645" tests="2" errors="0" skipped="0" failures="1">
  <properties>
[...]
</properties>
  <testcase name="testProcessRequest_withValidURL" classname="com.example.controller.FrontControllerTest" time="0.602"/>
  <testcase name="testProcessRequest_withInvalidURL" classname="com.example.controller.FrontControllerTest" time="0.018">
    <failure message="&#10;Argument(s) are different! Wanted:&#10;writer.println(&#10;    contains(&quot;Aucune mÃ©thode associÃ©e Ã  ce chemin&quot;)&#10;);&#10;-&gt; at com.example.controller.FrontControllerTest.testProcessRequest_withInvalidURL(FrontControllerTest.java:58)&#10;Actual invocations have different arguments:&#10;writer.println(&#10;    &quot;Pas de mÃ©thode associÃ©e Ã  cette URL.&quot;&#10;);&#10;-&gt; at com.example.controller.FrontController.processRequest(FrontController.java:70)&#10;" type="Argument(s) are different! Wanted"><![CDATA[Argument(s) are different! Wanted:
writer.println(
    contains("Aucune mÃ©thode associÃ©e Ã  ce chemin")
);
-> at com.example.controller.FrontControllerTest.testProcessRequest_withInvalidURL(FrontControllerTest.java:58)
Actual invocations have different arguments:
writer.println(
    "Pas de mÃ©thode associÃ©e Ã  cette URL."
);
-> at com.example.controller.FrontController.processRequest(FrontController.java:70)

	at com.example.controller.FrontControllerTest.testProcessRequest_withInvalidURL(FrontControllerTest.java:58)
	at java.lang.reflect.Method.invoke(Method.java:498)
	at java.util.ArrayList.forEach(ArrayList.java:1257)
	at java.util.ArrayList.forEach(ArrayList.java:1257)
]]></failure>
  </testcase>
</testsuite>